<?xml version="1.0" encoding="UTF-8"?>
<!-- Generated by org.testng.reporters.JUnitXMLReporter -->
<testsuite hostname="DESKTOP-J3EC8MU" ignored="0" name="EmployeesRestAPITest" tests="33" failures="6" timestamp="22 Mar 2020 02:00:57 GMT" time="28.787" errors="0">
  <testcase name="checkContentLenght" time="0.022" classname="com.employeeapi.testCases.TC001_Get_All_Employees"/>
  <testcase name="checkContentType" time="0.005" classname="com.employeeapi.testCases.TC001_Get_All_Employees"/>
  <testcase name="checkCookies" time="0.005" classname="com.employeeapi.testCases.TC001_Get_All_Employees"/>
  <testcase name="checkResponseTime" time="0.004" classname="com.employeeapi.testCases.TC001_Get_All_Employees"/>
  <testcase name="checkResposeBody" time="0.077" classname="com.employeeapi.testCases.TC001_Get_All_Employees"/>
  <testcase name="checkStatusCode" time="0.006" classname="com.employeeapi.testCases.TC001_Get_All_Employees"/>
  <testcase name="checkcontentEncoding" time="0.004" classname="com.employeeapi.testCases.TC001_Get_All_Employees"/>
  <testcase name="checkserverType" time="0.006" classname="com.employeeapi.testCases.TC001_Get_All_Employees"/>
  <testcase name="checkstatusLine" time="0.003" classname="com.employeeapi.testCases.TC001_Get_All_Employees"/>
  <testcase name="checkContentLenght" time="0.001" classname="com.employeeapi.testCases.TC002_Get_Single_Employee_Record"/>
  <testcase name="checkContentType" time="0.002" classname="com.employeeapi.testCases.TC002_Get_Single_Employee_Record"/>
  <testcase name="checkResponseTime" time="0.001" classname="com.employeeapi.testCases.TC002_Get_Single_Employee_Record"/>
  <testcase name="checkResposeBody" time="0.003" classname="com.employeeapi.testCases.TC002_Get_Single_Employee_Record"/>
  <testcase name="checkStatusCode" time="0.0" classname="com.employeeapi.testCases.TC002_Get_Single_Employee_Record"/>
  <testcase name="checkserverType" time="0.001" classname="com.employeeapi.testCases.TC002_Get_Single_Employee_Record"/>
  <testcase name="checkstatusLine" time="0.001" classname="com.employeeapi.testCases.TC002_Get_Single_Employee_Record"/>
  <testcase name="checkContentType" time="0.003" classname="com.employeeapi.testCases.TC003_Post_Employee_Record"/>
  <testcase name="checkResposeBody" time="0.003" classname="com.employeeapi.testCases.TC003_Post_Employee_Record"/>
  <testcase name="checkStatusCode" time="0.002" classname="com.employeeapi.testCases.TC003_Post_Employee_Record"/>
  <testcase name="checkcontentEncoding" time="0.003" classname="com.employeeapi.testCases.TC003_Post_Employee_Record">
    <failure type="java.lang.AssertionError" message="expected [gzip] but found [null]">
      <![CDATA[java.lang.AssertionError: expected [gzip] but found [null]
at com.employeeapi.testCases.TC003_Post_Employee_Record.checkcontentEncoding(TC003_Post_Employee_Record.java:112)
... Removed 31 stack frames]]>
    </failure>
  </testcase> <!-- checkcontentEncoding -->
  <testcase name="checkserverType" time="0.002" classname="com.employeeapi.testCases.TC003_Post_Employee_Record"/>
  <testcase name="checkstatusLine" time="0.002" classname="com.employeeapi.testCases.TC003_Post_Employee_Record"/>
  <testcase name="checkContentType" time="0.003" classname="com.employeeapi.testCases.TC004_Put_Employee_Record"/>
  <testcase name="checkResposeBody" time="0.003" classname="com.employeeapi.testCases.TC004_Put_Employee_Record">
    <failure type="java.lang.AssertionError" message="expected [true] but found [false]">
      <![CDATA[java.lang.AssertionError: expected [true] but found [false]
at com.employeeapi.testCases.TC004_Put_Employee_Record.checkResposeBody(TC004_Put_Employee_Record.java:70)
... Removed 31 stack frames]]>
    </failure>
  </testcase> <!-- checkResposeBody -->
  <testcase name="checkStatusCode" time="0.002" classname="com.employeeapi.testCases.TC004_Put_Employee_Record"/>
  <testcase name="checkserverType" time="0.001" classname="com.employeeapi.testCases.TC004_Put_Employee_Record"/>
  <testcase name="checkstatusLine" time="0.002" classname="com.employeeapi.testCases.TC004_Put_Employee_Record"/>
  <testcase name="checkContentType" time="0.002" classname="com.employeeapi.testCases.TC005_Delete_Employee_Record">
    <failure type="java.lang.AssertionError" message="expected [text/html; charset=UTF-8] but found [application/json;charset=utf-8]">
      <![CDATA[java.lang.AssertionError: expected [text/html; charset=UTF-8] but found [application/json;charset=utf-8]
at com.employeeapi.testCases.TC005_Delete_Employee_Record.checkContentType(TC005_Delete_Employee_Record.java:82)
... Removed 31 stack frames]]>
    </failure>
  </testcase> <!-- checkContentType -->
  <testcase name="checkResposeBody" time="0.003" classname="com.employeeapi.testCases.TC005_Delete_Employee_Record">
    <failure type="java.lang.AssertionError" message="expected [true] but found [false]">
      <![CDATA[java.lang.AssertionError: expected [true] but found [false]
at com.employeeapi.testCases.TC005_Delete_Employee_Record.checkResposeBody(TC005_Delete_Employee_Record.java:59)
... Removed 31 stack frames]]>
    </failure>
  </testcase> <!-- checkResposeBody -->
  <testcase name="checkStatusCode" time="0.002" classname="com.employeeapi.testCases.TC005_Delete_Employee_Record"/>
  <testcase name="checkcontentEncoding" time="0.001" classname="com.employeeapi.testCases.TC005_Delete_Employee_Record">
    <failure type="java.lang.AssertionError" message="expected [gzip] but found [null]">
      <![CDATA[java.lang.AssertionError: expected [gzip] but found [null]
at com.employeeapi.testCases.TC005_Delete_Employee_Record.checkcontentEncoding(TC005_Delete_Employee_Record.java:96)
... Removed 31 stack frames]]>
    </failure>
  </testcase> <!-- checkcontentEncoding -->
  <testcase name="checkserverType" time="0.003" classname="com.employeeapi.testCases.TC005_Delete_Employee_Record">
    <failure type="java.lang.AssertionError" message="expected [nginx/1.14.1] but found [nginx/1.16.0]">
      <![CDATA[java.lang.AssertionError: expected [nginx/1.14.1] but found [nginx/1.16.0]
at com.employeeapi.testCases.TC005_Delete_Employee_Record.checkserverType(TC005_Delete_Employee_Record.java:89)
... Removed 31 stack frames]]>
    </failure>
  </testcase> <!-- checkserverType -->
  <testcase name="checkstatusLine" time="0.002" classname="com.employeeapi.testCases.TC005_Delete_Employee_Record"/>
</testsuite> <!-- EmployeesRestAPITest -->
