<?xml version="1.0" encoding="UTF-8"?>
<testng-results skipped="0" failed="0" ignored="0" total="1" passed="1">
  <reporter-output>
  </reporter-output>
  <suite name="Default suite" duration-ms="4964" started-at="2020-03-26T19:19:56Z" finished-at="2020-03-26T19:20:01Z">
    <groups>
    </groups>
    <test name="Default test" duration-ms="4964" started-at="2020-03-26T19:19:56Z" finished-at="2020-03-26T19:20:01Z">
      <class name="restassuredTest.Demo_Put_Request">
        <test-method status="PASS" signature="putData()[pri:0, instance:restassuredTest.Demo_Put_Request@685cb137]" name="putData" is-config="true" duration-ms="758" started-at="2020-03-26T19:19:56Z" finished-at="2020-03-26T19:19:57Z">
          <reporter-output>
          </reporter-output>
        </test-method> <!-- putData -->
        <test-method status="PASS" signature="testPUT()[pri:0, instance:restassuredTest.Demo_Put_Request@685cb137]" name="testPUT" duration-ms="4178" started-at="2020-03-26T19:19:57Z" finished-at="2020-03-26T19:20:01Z">
          <reporter-output>
          </reporter-output>
        </test-method> <!-- testPUT -->
      </class> <!-- restassuredTest.Demo_Put_Request -->
    </test> <!-- Default test -->
  </suite> <!-- Default suite -->
</testng-results>
